Build started 10/5/2019 1:55:01 PM.
     1>Project "C:\Users\USER\Downloads\the GAME\CLASSIFIED-SAVELOAD\CLASSIFIED-SAVELOAD\CLASSIFIED-SAVELOAD.vcxproj" on node 2 (Build target(s)).
     1>C:\Program Files (x86)\MSBuild\Microsoft.Cpp\v4.0\V120\Microsoft.CppBuild.targets(381,5): warning MSB8028: The intermediate directory (Debug\) contains files shared from another project (THEMISSIONCLASSIFIED_1.vcxproj, THEprojectCLASSIFIED.vcxproj).  This can lead to incorrect clean and rebuild behavior.
     1>ClCompile:
         C:\Program Files (x86)\Microsoft Visual Studio 12.0\VC\bin\CL.exe /c /ZI /nologo /W3 /WX- /sdl /Od /Oy- /D _MBCS /D _MBCS /D _CRT_SECURE_NO_WARNINGS /Gm /EHsc /RTC1 /MDd /GS /fp:precise /Zc:wchar_t /Zc:forScope /Fo"Debug\\" /Fd"Debug\vc120.pdb" /Gd /TP /analyze- /errorReport:prompt iMain.cpp
         iMain.cpp
     1>c:\users\user\downloads\the game\classified-saveload\classified-saveload\imain.cpp(286): warning C4258: 'i' : definition from the for loop is ignored; the definition from the enclosing scope is used
                 c:\users\user\downloads\the game\classified-saveload\classified-saveload\imain.cpp(274) : definition of 'i' ignored
                 c:\users\user\downloads\the game\classified-saveload\classified-saveload\imain.cpp(89) : definition of 'i' used
     1>c:\users\user\downloads\the game\classified-saveload\classified-saveload\imain.cpp(287): warning C4258: 'i' : definition from the for loop is ignored; the definition from the enclosing scope is used
                 c:\users\user\downloads\the game\classified-saveload\classified-saveload\imain.cpp(274) : definition of 'i' ignored
                 c:\users\user\downloads\the game\classified-saveload\classified-saveload\imain.cpp(89) : definition of 'i' used
     1>c:\users\user\downloads\the game\classified-saveload\classified-saveload\imain.cpp(288): warning C4258: 'i' : definition from the for loop is ignored; the definition from the enclosing scope is used
                 c:\users\user\downloads\the game\classified-saveload\classified-saveload\imain.cpp(274) : definition of 'i' ignored
                 c:\users\user\downloads\the game\classified-saveload\classified-saveload\imain.cpp(89) : definition of 'i' used
     1>c:\users\user\downloads\the game\classified-saveload\classified-saveload\imain.cpp(289): warning C4258: 'i' : definition from the for loop is ignored; the definition from the enclosing scope is used
                 c:\users\user\downloads\the game\classified-saveload\classified-saveload\imain.cpp(274) : definition of 'i' ignored
                 c:\users\user\downloads\the game\classified-saveload\classified-saveload\imain.cpp(89) : definition of 'i' used
     1>c:\users\user\downloads\the game\classified-saveload\classified-saveload\imain.cpp(290): warning C4258: 'i' : definition from the for loop is ignored; the definition from the enclosing scope is used
                 c:\users\user\downloads\the game\classified-saveload\classified-saveload\imain.cpp(274) : definition of 'i' ignored
                 c:\users\user\downloads\the game\classified-saveload\classified-saveload\imain.cpp(89) : definition of 'i' used
     1>c:\users\user\downloads\the game\classified-saveload\classified-saveload\imain.cpp(291): warning C4258: 'i' : definition from the for loop is ignored; the definition from the enclosing scope is used
                 c:\users\user\downloads\the game\classified-saveload\classified-saveload\imain.cpp(274) : definition of 'i' ignored
                 c:\users\user\downloads\the game\classified-saveload\classified-saveload\imain.cpp(89) : definition of 'i' used
     1>c:\users\user\downloads\the game\classified-saveload\classified-saveload\imain.cpp(743): warning C4258: 'j' : definition from the for loop is ignored; the definition from the enclosing scope is used
                 c:\users\user\downloads\the game\classified-saveload\classified-saveload\imain.cpp(645) : definition of 'j' ignored
                 c:\users\user\downloads\the game\classified-saveload\classified-saveload\imain.cpp(89) : definition of 'j' used
     1>c:\users\user\downloads\the game\classified-saveload\classified-saveload\imain.cpp(745): warning C4258: 'j' : definition from the for loop is ignored; the definition from the enclosing scope is used
                 c:\users\user\downloads\the game\classified-saveload\classified-saveload\imain.cpp(645) : definition of 'j' ignored
                 c:\users\user\downloads\the game\classified-saveload\classified-saveload\imain.cpp(89) : definition of 'j' used
     1>c:\users\user\downloads\the game\classified-saveload\classified-saveload\imain.cpp(746): warning C4258: 'j' : definition from the for loop is ignored; the definition from the enclosing scope is used
                 c:\users\user\downloads\the game\classified-saveload\classified-saveload\imain.cpp(645) : definition of 'j' ignored
                 c:\users\user\downloads\the game\classified-saveload\classified-saveload\imain.cpp(89) : definition of 'j' used
     1>c:\users\user\downloads\the game\classified-saveload\classified-saveload\imain.cpp(750): warning C4258: 'j' : definition from the for loop is ignored; the definition from the enclosing scope is used
                 c:\users\user\downloads\the game\classified-saveload\classified-saveload\imain.cpp(645) : definition of 'j' ignored
                 c:\users\user\downloads\the game\classified-saveload\classified-saveload\imain.cpp(89) : definition of 'j' used
     1>c:\users\user\downloads\the game\classified-saveload\classified-saveload\imain.cpp(752): warning C4258: 'j' : definition from the for loop is ignored; the definition from the enclosing scope is used
                 c:\users\user\downloads\the game\classified-saveload\classified-saveload\imain.cpp(645) : definition of 'j' ignored
                 c:\users\user\downloads\the game\classified-saveload\classified-saveload\imain.cpp(89) : definition of 'j' used
     1>c:\users\user\downloads\the game\classified-saveload\classified-saveload\imain.cpp(753): warning C4258: 'j' : definition from the for loop is ignored; the definition from the enclosing scope is used
                 c:\users\user\downloads\the game\classified-saveload\classified-saveload\imain.cpp(645) : definition of 'j' ignored
                 c:\users\user\downloads\the game\classified-saveload\classified-saveload\imain.cpp(89) : definition of 'j' used
     1>c:\users\user\downloads\the game\classified-saveload\classified-saveload\imain.cpp(758): warning C4258: 'j' : definition from the for loop is ignored; the definition from the enclosing scope is used
                 c:\users\user\downloads\the game\classified-saveload\classified-saveload\imain.cpp(645) : definition of 'j' ignored
                 c:\users\user\downloads\the game\classified-saveload\classified-saveload\imain.cpp(89) : definition of 'j' used
     1>c:\users\user\downloads\the game\classified-saveload\classified-saveload\imain.cpp(759): warning C4258: 'j' : definition from the for loop is ignored; the definition from the enclosing scope is used
                 c:\users\user\downloads\the game\classified-saveload\classified-saveload\imain.cpp(645) : definition of 'j' ignored
                 c:\users\user\downloads\the game\classified-saveload\classified-saveload\imain.cpp(89) : definition of 'j' used
     1>c:\users\user\downloads\the game\classified-saveload\classified-saveload\imain.cpp(760): warning C4258: 'j' : definition from the for loop is ignored; the definition from the enclosing scope is used
                 c:\users\user\downloads\the game\classified-saveload\classified-saveload\imain.cpp(645) : definition of 'j' ignored
                 c:\users\user\downloads\the game\classified-saveload\classified-saveload\imain.cpp(89) : definition of 'j' used
     1>c:\users\user\downloads\the game\classified-saveload\classified-saveload\imain.cpp(765): warning C4258: 'j' : definition from the for loop is ignored; the definition from the enclosing scope is used
                 c:\users\user\downloads\the game\classified-saveload\classified-saveload\imain.cpp(645) : definition of 'j' ignored
                 c:\users\user\downloads\the game\classified-saveload\classified-saveload\imain.cpp(89) : definition of 'j' used
     1>c:\users\user\downloads\the game\classified-saveload\classified-saveload\imain.cpp(767): warning C4258: 'j' : definition from the for loop is ignored; the definition from the enclosing scope is used
                 c:\users\user\downloads\the game\classified-saveload\classified-saveload\imain.cpp(645) : definition of 'j' ignored
                 c:\users\user\downloads\the game\classified-saveload\classified-saveload\imain.cpp(89) : definition of 'j' used
     1>c:\users\user\downloads\the game\classified-saveload\classified-saveload\imain.cpp(768): warning C4258: 'j' : definition from the for loop is ignored; the definition from the enclosing scope is used
                 c:\users\user\downloads\the game\classified-saveload\classified-saveload\imain.cpp(645) : definition of 'j' ignored
                 c:\users\user\downloads\the game\classified-saveload\classified-saveload\imain.cpp(89) : definition of 'j' used
     1>c:\users\user\downloads\the game\classified-saveload\classified-saveload\imain.cpp(772): warning C4258: 'j' : definition from the for loop is ignored; the definition from the enclosing scope is used
                 c:\users\user\downloads\the game\classified-saveload\classified-saveload\imain.cpp(645) : definition of 'j' ignored
                 c:\users\user\downloads\the game\classified-saveload\classified-saveload\imain.cpp(89) : definition of 'j' used
     1>c:\users\user\downloads\the game\classified-saveload\classified-saveload\imain.cpp(774): warning C4258: 'j' : definition from the for loop is ignored; the definition from the enclosing scope is used
                 c:\users\user\downloads\the game\classified-saveload\classified-saveload\imain.cpp(645) : definition of 'j' ignored
                 c:\users\user\downloads\the game\classified-saveload\classified-saveload\imain.cpp(89) : definition of 'j' used
     1>c:\users\user\downloads\the game\classified-saveload\classified-saveload\imain.cpp(775): warning C4258: 'j' : definition from the for loop is ignored; the definition from the enclosing scope is used
                 c:\users\user\downloads\the game\classified-saveload\classified-saveload\imain.cpp(645) : definition of 'j' ignored
                 c:\users\user\downloads\the game\classified-saveload\classified-saveload\imain.cpp(89) : definition of 'j' used
       Link:
         C:\Program Files (x86)\Microsoft Visual Studio 12.0\VC\bin\link.exe /ERRORREPORT:PROMPT /OUT:"C:\Users\USER\Downloads\the GAME\CLASSIFIED-SAVELOAD\Debug\CLASSIFIED-SAVELOAD.exe" /INCREMENTAL /NOLOGO kernel32.lib user32.lib gdi32.lib winspool.lib comdlg32.lib advapi32.lib shell32.lib ole32.lib oleaut32.lib uuid.lib odbc32.lib odbccp32.lib /MANIFEST /MANIFESTUAC:"level='asInvoker' uiAccess='false'" /manifest:embed /DEBUG /PDB:"C:\Users\USER\Downloads\the GAME\CLASSIFIED-SAVELOAD\Debug\CLASSIFIED-SAVELOAD.pdb" /TLBID:1 /DYNAMICBASE /NXCOMPAT /IMPLIB:"C:\Users\USER\Downloads\the GAME\CLASSIFIED-SAVELOAD\Debug\CLASSIFIED-SAVELOAD.lib" /MACHINE:X86 Debug\iMain.obj
         CLASSIFIED-SAVELOAD.vcxproj -> C:\Users\USER\Downloads\the GAME\CLASSIFIED-SAVELOAD\Debug\CLASSIFIED-SAVELOAD.exe
     1>Done Building Project "C:\Users\USER\Downloads\the GAME\CLASSIFIED-SAVELOAD\CLASSIFIED-SAVELOAD\CLASSIFIED-SAVELOAD.vcxproj" (Build target(s)).

Build succeeded.

Time Elapsed 00:00:02.08
